\BOOKMARK [1][-]{section.1}{\376\377\000I\000n\000t\000r\000o\000d\000u\000c\000t\000i\000o\000n}{}% 1
\BOOKMARK [1][-]{section.2}{\376\377\000T\000h\000e\000o\000r\000e\000t\000i\000c\000a\000l\000\040\000F\000r\000a\000m\000e\000w\000o\000r\000k\000:\000\040\000E\000v\000a\000l\000u\000a\000t\000i\000v\000e\000\040\000a\000n\000d\000\040\000D\000e\000l\000e\000g\000a\000t\000i\000v\000e\000\040\000T\000r\000u\000s\000t}{}% 2
\BOOKMARK [2][-]{subsection.2.1}{\376\377\000T\000h\000e\000\040\000D\000i\000s\000t\000i\000n\000c\000t\000i\000o\000n}{section.2}% 3
\BOOKMARK [3][-]{subsubsection.2.1.1}{\376\377\000E\000v\000a\000l\000u\000a\000t\000i\000v\000e\000\040\000T\000r\000u\000s\000t}{subsection.2.1}% 4
\BOOKMARK [3][-]{subsubsection.2.1.2}{\376\377\000D\000e\000l\000e\000g\000a\000t\000i\000v\000e\000\040\000T\000r\000u\000s\000t}{subsection.2.1}% 5
\BOOKMARK [3][-]{subsubsection.2.1.3}{\376\377\000F\000o\000r\000m\000a\000l\000\040\000C\000h\000a\000r\000a\000c\000t\000e\000r\000i\000z\000a\000t\000i\000o\000n}{subsection.2.1}% 6
\BOOKMARK [3][-]{subsubsection.2.1.4}{\376\377\000T\000h\000e\000\040\000R\000e\000l\000a\000t\000i\000o\000n\000s\000h\000i\000p\000\040\000B\000e\000t\000w\000e\000e\000n\000\040\000t\000h\000e\000\040\000T\000w\000o\000\040\000M\000o\000d\000e\000s}{subsection.2.1}% 7
\BOOKMARK [2][-]{subsection.2.2}{\376\377\000T\000h\000e\000\040\000A\000g\000e\000n\000c\000y\000\040\000T\000h\000e\000o\000r\000y\000\040\000B\000r\000i\000d\000g\000e}{section.2}% 8
\BOOKMARK [2][-]{subsection.2.3}{\376\377\000T\000h\000e\000\040\000`\000`\000P\000e\000a\000c\000e\000\040\000o\000f\000\040\000M\000i\000n\000d\000'\000'\000\040\000R\000e\000i\000n\000t\000e\000r\000p\000r\000e\000t\000a\000t\000i\000o\000n}{section.2}% 9
\BOOKMARK [2][-]{subsection.2.4}{\376\377\000R\000e\000c\000o\000n\000c\000i\000l\000i\000n\000g\000\040\000A\000l\000g\000o\000r\000i\000t\000h\000m\000\040\000A\000p\000p\000r\000e\000c\000i\000a\000t\000i\000o\000n\000\040\000a\000n\000d\000\040\000A\000v\000e\000r\000s\000i\000o\000n}{section.2}% 10
\BOOKMARK [2][-]{subsection.2.5}{\376\377\000T\000h\000e\000\040\000T\000r\000a\000n\000s\000p\000a\000r\000e\000n\000c\000y\000\040\000P\000a\000r\000a\000d\000o\000x\000\040\000a\000n\000d\000\040\000H\000y\000p\000o\000t\000h\000e\000s\000e\000s}{section.2}% 11
\BOOKMARK [3][-]{subsubsection.2.5.1}{\376\377\000H\000y\000p\000o\000t\000h\000e\000s\000e\000s}{subsection.2.5}% 12
\BOOKMARK [1][-]{section.3}{\376\377\000D\000a\000t\000a\000\040\000a\000n\000d\000\040\000M\000e\000t\000h\000o\000d\000s}{}% 13
\BOOKMARK [2][-]{subsection.3.1}{\376\377\000C\000F\000P\000B\000\040\000C\000o\000m\000p\000l\000a\000i\000n\000t\000\040\000D\000a\000t\000a\000b\000a\000s\000e\000\040\000A\000n\000a\000l\000y\000s\000i\000s}{section.3}% 14
\BOOKMARK [3][-]{subsubsection.3.1.1}{\376\377\000S\000a\000m\000p\000l\000e}{subsection.3.1}% 15
\BOOKMARK [3][-]{subsubsection.3.1.2}{\376\377\000C\000l\000a\000s\000s\000i\000f\000i\000c\000a\000t\000i\000o\000n\000\040\000P\000r\000o\000c\000e\000d\000u\000r\000e}{subsection.3.1}% 16
\BOOKMARK [3][-]{subsubsection.3.1.3}{\376\377\000M\000o\000r\000a\000l\000\040\000F\000o\000u\000n\000d\000a\000t\000i\000o\000n\000s\000\040\000V\000a\000l\000i\000d\000a\000t\000i\000o\000n}{subsection.3.1}% 17
\BOOKMARK [3][-]{subsubsection.3.1.4}{\376\377\000H\000u\000m\000a\000n\000\040\000V\000a\000l\000i\000d\000a\000t\000i\000o\000n}{subsection.3.1}% 18
\BOOKMARK [2][-]{subsection.3.2}{\376\377\000P\000r\000o\000l\000i\000f\000i\000c\000\040\000E\000x\000p\000e\000r\000i\000m\000e\000n\000t}{section.3}% 19
\BOOKMARK [3][-]{subsubsection.3.2.1}{\376\377\000D\000e\000s\000i\000g\000n}{subsection.3.2}% 20
\BOOKMARK [3][-]{subsubsection.3.2.2}{\376\377\000P\000a\000r\000t\000i\000c\000i\000p\000a\000n\000t\000s}{subsection.3.2}% 21
\BOOKMARK [3][-]{subsubsection.3.2.3}{\376\377\000M\000a\000t\000e\000r\000i\000a\000l\000s}{subsection.3.2}% 22
\BOOKMARK [3][-]{subsubsection.3.2.4}{\376\377\000M\000e\000a\000s\000u\000r\000e\000s}{subsection.3.2}% 23
\BOOKMARK [3][-]{subsubsection.3.2.5}{\376\377\000A\000n\000a\000l\000y\000t\000i\000c\000\040\000S\000t\000r\000a\000t\000e\000g\000y}{subsection.3.2}% 24
\BOOKMARK [1][-]{section.4}{\376\377\000C\000F\000P\000B\000\040\000C\000o\000m\000p\000l\000a\000i\000n\000t\000\040\000A\000n\000a\000l\000y\000s\000i\000s\000:\000\040\000R\000e\000s\000u\000l\000t\000s}{}% 25
\BOOKMARK [2][-]{subsection.4.1}{\376\377\000S\000a\000m\000p\000l\000e\000\040\000a\000n\000d\000\040\000C\000l\000a\000s\000s\000i\000f\000i\000c\000a\000t\000i\000o\000n\000\040\000P\000r\000o\000c\000e\000d\000u\000r\000e}{section.4}% 26
\BOOKMARK [2][-]{subsection.4.2}{\376\377\000C\000r\000o\000s\000s\000-\000P\000r\000o\000d\000u\000c\000t\000\040\000D\000e\000l\000e\000g\000a\000t\000i\000v\000e\000\040\000G\000r\000a\000d\000i\000e\000n\000t}{section.4}% 27
\BOOKMARK [2][-]{subsection.4.3}{\376\377\000D\000u\000a\000l\000-\000M\000o\000d\000e\000l\000\040\000C\000o\000n\000c\000o\000r\000d\000a\000n\000c\000e}{section.4}% 28
\BOOKMARK [2][-]{subsection.4.4}{\376\377\000M\000o\000r\000a\000l\000\040\000F\000o\000u\000n\000d\000a\000t\000i\000o\000n\000s\000\040\000V\000a\000l\000i\000d\000a\000t\000i\000o\000n}{section.4}% 29
\BOOKMARK [2][-]{subsection.4.5}{\376\377\000H\000u\000m\000a\000n\000\040\000V\000a\000l\000i\000d\000a\000t\000i\000o\000n}{section.4}% 30
\BOOKMARK [2][-]{subsection.4.6}{\376\377\000D\000i\000m\000e\000n\000s\000i\000o\000n\000a\000l\000\040\000R\000e\000l\000a\000t\000i\000o\000n\000s\000h\000i\000p}{section.4}% 31
\BOOKMARK [2][-]{subsection.4.7}{\376\377\000R\000o\000b\000u\000s\000t\000n\000e\000s\000s\000:\000\040\000N\000a\000r\000r\000a\000t\000i\000v\000e\000\040\000L\000e\000n\000g\000t\000h}{section.4}% 32
\BOOKMARK [2][-]{subsection.4.8}{\376\377\000E\000x\000p\000l\000o\000r\000a\000t\000o\000r\000y\000:\000\040\000C\000o\000m\000p\000a\000n\000y\000-\000L\000e\000v\000e\000l\000\040\000V\000a\000r\000i\000a\000t\000i\000o\000n}{section.4}% 33
\BOOKMARK [2][-]{subsection.4.9}{\376\377\000S\000u\000m\000m\000a\000r\000y}{section.4}% 34
\BOOKMARK [1][-]{section.5}{\376\377\000P\000r\000o\000l\000i\000f\000i\000c\000\040\000E\000x\000p\000e\000r\000i\000m\000e\000n\000t\000:\000\040\000R\000e\000s\000u\000l\000t\000s}{}% 35
\BOOKMARK [2][-]{subsection.5.1}{\376\377\000S\000a\000m\000p\000l\000e\000\040\000a\000n\000d\000\040\000E\000x\000c\000l\000u\000s\000i\000o\000n\000s}{section.5}% 36
\BOOKMARK [2][-]{subsection.5.2}{\376\377\000D\000e\000s\000c\000r\000i\000p\000t\000i\000v\000e\000\040\000S\000t\000a\000t\000i\000s\000t\000i\000c\000s}{section.5}% 37
\BOOKMARK [2][-]{subsection.5.3}{\376\377\000E\000x\000p\000e\000r\000i\000m\000e\000n\000t\000a\000l\000\040\000M\000a\000n\000i\000p\000u\000l\000a\000t\000i\000o\000n}{section.5}% 38
\BOOKMARK [2][-]{subsection.5.4}{\376\377\000D\000e\000l\000e\000g\000a\000t\000i\000v\000e\000\040\000T\000r\000u\000s\000t\000\040\000a\000n\000d\000\040\000P\000o\000s\000t\000-\000S\000h\000o\000c\000k\000\040\000R\000e\000s\000i\000l\000i\000e\000n\000c\000e}{section.5}% 39
\BOOKMARK [2][-]{subsection.5.5}{\376\377\000D\000e\000l\000e\000g\000a\000t\000i\000v\000e\000\040\000T\000r\000u\000s\000t\000\040\000a\000n\000d\000\040\000A\000l\000g\000o\000r\000i\000t\000h\000m\000\040\000A\000v\000e\000r\000s\000i\000o\000n}{section.5}% 40
\BOOKMARK [2][-]{subsection.5.6}{\376\377\000F\000i\000n\000a\000n\000c\000i\000a\000l\000\040\000L\000i\000t\000e\000r\000a\000c\000y\000\040\000I\000n\000t\000e\000r\000a\000c\000t\000i\000o\000n}{section.5}% 41
\BOOKMARK [2][-]{subsection.5.7}{\376\377\000E\000x\000p\000l\000o\000r\000a\000t\000o\000r\000y\000\040\000A\000n\000a\000l\000y\000s\000e\000s}{section.5}% 42
\BOOKMARK [2][-]{subsection.5.8}{\376\377\000S\000u\000m\000m\000a\000r\000y}{section.5}% 43
\BOOKMARK [1][-]{section.6}{\376\377\000D\000i\000s\000c\000u\000s\000s\000i\000o\000n}{}% 44
\BOOKMARK [2][-]{subsection.6.1}{\376\377\000W\000h\000a\000t\000\040\000t\000h\000e\000\040\000M\000a\000n\000i\000p\000u\000l\000a\000t\000i\000o\000n\000\040\000F\000a\000i\000l\000u\000r\000e\000\040\000T\000e\000a\000c\000h\000e\000s}{section.6}% 45
\BOOKMARK [2][-]{subsection.6.2}{\376\377\000D\000i\000m\000e\000n\000s\000i\000o\000n\000a\000l\000\040\000S\000e\000p\000a\000r\000a\000b\000i\000l\000i\000t\000y\000\040\000A\000c\000r\000o\000s\000s\000\040\000M\000e\000t\000h\000o\000d\000s}{section.6}% 46
\BOOKMARK [2][-]{subsection.6.3}{\376\377\000R\000e\000c\000o\000n\000c\000i\000l\000i\000n\000g\000\040\000A\000l\000g\000o\000r\000i\000t\000h\000m\000\040\000A\000v\000e\000r\000s\000i\000o\000n\000\040\000a\000n\000d\000\040\000A\000p\000p\000r\000e\000c\000i\000a\000t\000i\000o\000n}{section.6}% 47
\BOOKMARK [2][-]{subsection.6.4}{\376\377\000D\000e\000l\000e\000g\000a\000t\000i\000v\000e\000\040\000F\000o\000r\000e\000c\000l\000o\000s\000u\000r\000e\000\040\000a\000n\000d\000\040\000D\000e\000s\000i\000g\000n\000\040\000I\000m\000p\000l\000i\000c\000a\000t\000i\000o\000n\000s}{section.6}% 48
\BOOKMARK [2][-]{subsection.6.5}{\376\377\000L\000i\000m\000i\000t\000a\000t\000i\000o\000n\000s}{section.6}% 49
\BOOKMARK [1][-]{section.7}{\376\377\000C\000o\000n\000c\000l\000u\000s\000i\000o\000n}{}% 50
\BOOKMARK [1][-]{appendix.A}{\376\377\000C\000F\000P\000B\000\040\000C\000l\000a\000s\000s\000i\000f\000i\000c\000a\000t\000i\000o\000n\000\040\000P\000r\000o\000m\000p\000t}{}% 51
\BOOKMARK [1][-]{appendix.B}{\376\377\000P\000r\000o\000l\000i\000f\000i\000c\000\040\000S\000u\000r\000v\000e\000y\000\040\000I\000n\000s\000t\000r\000u\000m\000e\000n\000t}{}% 52
\BOOKMARK [1][-]{appendix.C}{\376\377\000I\000n\000t\000e\000r\000-\000R\000a\000t\000e\000r\000\040\000R\000e\000l\000i\000a\000b\000i\000l\000i\000t\000y\000\040\000D\000e\000t\000a\000i\000l\000s}{}% 53
\BOOKMARK [1][-]{appendix.D}{\376\377\000S\000u\000p\000p\000l\000e\000m\000e\000n\000t\000a\000r\000y\000\040\000T\000a\000b\000l\000e\000s}{}% 54
